{"C:\\Sachin\\Projects\\BuildWithAI\\virtualPromptWars\\ep2\\src\\components\\Common\\FloatingAssistant.jsx": {"path":"C:\\Sachin\\Projects\\BuildWithAI\\virtualPromptWars\\ep2\\src\\components\\Common\\FloatingAssistant.jsx","statementMap":{"0":{"start":{"line":4,"column":13},"end":{"line":23,"column":null}},"1":{"start":{"line":5,"column":2},"end":{"line":23,"column":null}}},"fnMap":{"0":{"name":"(anonymous_0)","decl":{"start":{"line":4,"column":33},"end":{"line":4,"column":39}},"loc":{"start":{"line":5,"column":2},"end":{"line":23,"column":null}},"line":5}},"branchMap":{},"s":{"0":1,"1":2},"f":{"0":2},"b":{},"meta":{"lastBranch":0,"lastFunction":1,"lastStatement":2,"seen":{"s:4:13:23:Infinity":0,"f:4:33:4:39":0,"s:5:2:23:Infinity":1}}}
,"C:\\Sachin\\Projects\\BuildWithAI\\virtualPromptWars\\ep2\\src\\data\\faqs_full.json": {"path":"C:\\Sachin\\Projects\\BuildWithAI\\virtualPromptWars\\ep2\\src\\data\\faqs_full.json","statementMap":{"0":{"start":{"line":1,"column":20},"end":{"line":1,"column":112625}}},"fnMap":{},"branchMap":{},"s":{"0":1},"f":{},"b":{},"meta":{"lastBranch":0,"lastFunction":0,"lastStatement":1,"seen":{"s:1:20:1:112625":0}}}
,"C:\\Sachin\\Projects\\BuildWithAI\\virtualPromptWars\\ep2\\src\\lib\\routes.js": {"path":"C:\\Sachin\\Projects\\BuildWithAI\\virtualPromptWars\\ep2\\src\\lib\\routes.js","statementMap":{"0":{"start":{"line":1,"column":22},"end":{"line":19,"column":null}}},"fnMap":{},"branchMap":{},"s":{"0":1},"f":{},"b":{},"meta":{"lastBranch":0,"lastFunction":0,"lastStatement":1,"seen":{"s:1:22:19:Infinity":0}}}
,"C:\\Sachin\\Projects\\BuildWithAI\\virtualPromptWars\\ep2\\src\\utils\\intentMatcher.ts": {"path":"C:\\Sachin\\Projects\\BuildWithAI\\virtualPromptWars\\ep2\\src\\utils\\intentMatcher.ts","statementMap":{"0":{"start":{"line":31,"column":13},"end":{"line":69,"column":null}},"1":{"start":{"line":32,"column":2},"end":{"line":32,"column":null}},"2":{"start":{"line":32,"column":14},"end":{"line":32,"column":null}},"3":{"start":{"line":33,"column":12},"end":{"line":33,"column":62}},"4":{"start":{"line":34,"column":2},"end":{"line":34,"column":null}},"5":{"start":{"line":34,"column":10},"end":{"line":34,"column":null}},"6":{"start":{"line":36,"column":22},"end":{"line":36,"column":140}},"7":{"start":{"line":37,"column":21},"end":{"line":37,"column":35}},"8":{"start":{"line":38,"column":32},"end":{"line":38,"column":75}},"9":{"start":{"line":38,"column":55},"end":{"line":38,"column":74}},"10":{"start":{"line":40,"column":30},"end":{"line":40,"column":null}},"11":{"start":{"line":41,"column":17},"end":{"line":41,"column":null}},"12":{"start":{"line":43,"column":3},"end":{"line":67,"column":null}},"13":{"start":{"line":44,"column":4},"end":{"line":66,"column":null}},"14":{"start":{"line":45,"column":18},"end":{"line":45,"column":null}},"15":{"start":{"line":46,"column":23},"end":{"line":46,"column":49}},"16":{"start":{"line":48,"column":6},"end":{"line":48,"column":null}},"17":{"start":{"line":48,"column":26},"end":{"line":48,"column":null}},"18":{"start":{"line":49,"column":6},"end":{"line":49,"column":null}},"19":{"start":{"line":49,"column":32},"end":{"line":49,"column":null}},"20":{"start":{"line":52,"column":33},"end":{"line":55,"column":null}},"21":{"start":{"line":53,"column":8},"end":{"line":55,"column":54}},"22":{"start":{"line":55,"column":32},"end":{"line":55,"column":54}},"23":{"start":{"line":58,"column":6},"end":{"line":59,"column":null}},"24":{"start":{"line":59,"column":8},"end":{"line":59,"column":null}},"25":{"start":{"line":62,"column":6},"end":{"line":64,"column":null}},"26":{"start":{"line":63,"column":8},"end":{"line":63,"column":null}},"27":{"start":{"line":64,"column":8},"end":{"line":64,"column":null}},"28":{"start":{"line":69,"column":2},"end":{"line":69,"column":null}},"29":{"start":{"line":77,"column":13},"end":{"line":97,"column":null}},"30":{"start":{"line":78,"column":2},"end":{"line":78,"column":null}},"31":{"start":{"line":78,"column":14},"end":{"line":78,"column":null}},"32":{"start":{"line":79,"column":12},"end":{"line":79,"column":31}},"33":{"start":{"line":80,"column":32},"end":{"line":89,"column":null}},"34":{"start":{"line":91,"column":2},"end":{"line":93,"column":null}},"35":{"start":{"line":92,"column":4},"end":{"line":93,"column":null}},"36":{"start":{"line":92,"column":32},"end":{"line":92,"column":45}},"37":{"start":{"line":93,"column":6},"end":{"line":93,"column":null}},"38":{"start":{"line":97,"column":2},"end":{"line":97,"column":null}}},"fnMap":{"0":{"name":"(anonymous_0)","decl":{"start":{"line":31,"column":13},"end":{"line":31,"column":29}},"loc":{"start":{"line":31,"column":59},"end":{"line":69,"column":null}},"line":31},"1":{"name":"(anonymous_1)","decl":{"start":{"line":38,"column":43},"end":{"line":38,"column":50}},"loc":{"start":{"line":38,"column":55},"end":{"line":38,"column":74}},"line":38},"2":{"name":"(anonymous_2)","decl":{"start":{"line":43,"column":28},"end":{"line":43,"column":36}},"loc":{"start":{"line":43,"column":43},"end":{"line":67,"column":null}},"line":43},"3":{"name":"(anonymous_3)","decl":{"start":{"line":44,"column":13},"end":{"line":44,"column":21}},"loc":{"start":{"line":44,"column":28},"end":{"line":66,"column":null}},"line":44},"4":{"name":"(anonymous_4)","decl":{"start":{"line":52,"column":55},"end":{"line":52,"column":62}},"loc":{"start":{"line":53,"column":8},"end":{"line":55,"column":54}},"line":53},"5":{"name":"(anonymous_5)","decl":{"start":{"line":55,"column":22},"end":{"line":55,"column":27}},"loc":{"start":{"line":55,"column":32},"end":{"line":55,"column":54}},"line":55},"6":{"name":"(anonymous_6)","decl":{"start":{"line":77,"column":13},"end":{"line":77,"column":31}},"loc":{"start":{"line":77,"column":68},"end":{"line":97,"column":null}},"line":77},"7":{"name":"(anonymous_7)","decl":{"start":{"line":92,"column":22},"end":{"line":92,"column":27}},"loc":{"start":{"line":92,"column":32},"end":{"line":92,"column":45}},"line":92}},"branchMap":{"0":{"loc":{"start":{"line":32,"column":2},"end":{"line":32,"column":null}},"type":"if","locations":[{"start":{"line":32,"column":2},"end":{"line":32,"column":null}},{"start":{},"end":{}}],"line":32},"1":{"loc":{"start":{"line":34,"column":2},"end":{"line":34,"column":null}},"type":"if","locations":[{"start":{"line":34,"column":2},"end":{"line":34,"column":null}},{"start":{},"end":{}}],"line":34},"2":{"loc":{"start":{"line":48,"column":6},"end":{"line":48,"column":null}},"type":"if","locations":[{"start":{"line":48,"column":6},"end":{"line":48,"column":null}},{"start":{},"end":{}}],"line":48},"3":{"loc":{"start":{"line":49,"column":6},"end":{"line":49,"column":null}},"type":"if","locations":[{"start":{"line":49,"column":6},"end":{"line":49,"column":null}},{"start":{},"end":{}}],"line":49},"4":{"loc":{"start":{"line":53,"column":8},"end":{"line":55,"column":54}},"type":"binary-expr","locations":[{"start":{"line":53,"column":8},"end":{"line":53,"column":28}},{"start":{"line":54,"column":8},"end":{"line":54,"column":50}},{"start":{"line":55,"column":8},"end":{"line":55,"column":54}}],"line":53},"5":{"loc":{"start":{"line":58,"column":6},"end":{"line":59,"column":null}},"type":"if","locations":[{"start":{"line":58,"column":6},"end":{"line":59,"column":null}},{"start":{},"end":{}}],"line":58},"6":{"loc":{"start":{"line":62,"column":6},"end":{"line":64,"column":null}},"type":"if","locations":[{"start":{"line":62,"column":6},"end":{"line":64,"column":null}},{"start":{},"end":{}}],"line":62},"7":{"loc":{"start":{"line":69,"column":9},"end":{"line":69,"column":null}},"type":"cond-expr","locations":[{"start":{"line":69,"column":26},"end":{"line":69,"column":38}},{"start":{"line":69,"column":38},"end":{"line":69,"column":null}}],"line":69},"8":{"loc":{"start":{"line":78,"column":2},"end":{"line":78,"column":null}},"type":"if","locations":[{"start":{"line":78,"column":2},"end":{"line":78,"column":null}},{"start":{},"end":{}}],"line":78},"9":{"loc":{"start":{"line":92,"column":4},"end":{"line":93,"column":null}},"type":"if","locations":[{"start":{"line":92,"column":4},"end":{"line":93,"column":null}},{"start":{},"end":{}}],"line":92}},"s":{"0":1,"1":6,"2":2,"3":4,"4":4,"5":0,"6":4,"7":4,"8":4,"9":9,"10":4,"11":4,"12":4,"13":32,"14":632,"15":632,"16":632,"17":0,"18":632,"19":0,"20":632,"21":790,"22":4628,"23":632,"24":7,"25":632,"26":1,"27":1,"28":4,"29":1,"30":11,"31":2,"32":9,"33":9,"34":9,"35":44,"36":206,"37":8,"38":1},"f":{"0":6,"1":9,"2":32,"3":632,"4":790,"5":4628,"6":11,"7":206},"b":{"0":[2,4],"1":[0,4],"2":[0,632],"3":[0,632],"4":[790,783,783],"5":[7,625],"6":[1,631],"7":[1,3],"8":[2,9],"9":[8,36]},"meta":{"lastBranch":10,"lastFunction":8,"lastStatement":39,"seen":{"s:31:13:69:Infinity":0,"f:31:13:31:29":0,"b:32:2:32:Infinity:undefined:undefined:undefined:undefined":0,"s:32:2:32:Infinity":1,"s:32:14:32:Infinity":2,"s:33:12:33:62":3,"b:34:2:34:Infinity:undefined:undefined:undefined:undefined":1,"s:34:2:34:Infinity":4,"s:34:10:34:Infinity":5,"s:36:22:36:140":6,"s:37:21:37:35":7,"s:38:32:38:75":8,"f:38:43:38:50":1,"s:38:55:38:74":9,"s:40:30:40:Infinity":10,"s:41:17:41:Infinity":11,"s:43:3:67:Infinity":12,"f:43:28:43:36":2,"s:44:4:66:Infinity":13,"f:44:13:44:21":3,"s:45:18:45:Infinity":14,"s:46:23:46:49":15,"b:48:6:48:Infinity:undefined:undefined:undefined:undefined":2,"s:48:6:48:Infinity":16,"s:48:26:48:Infinity":17,"b:49:6:49:Infinity:undefined:undefined:undefined:undefined":3,"s:49:6:49:Infinity":18,"s:49:32:49:Infinity":19,"s:52:33:55:Infinity":20,"f:52:55:52:62":4,"s:53:8:55:54":21,"b:53:8:53:28:54:8:54:50:55:8:55:54":4,"f:55:22:55:27":5,"s:55:32:55:54":22,"b:58:6:59:Infinity:undefined:undefined:undefined:undefined":5,"s:58:6:59:Infinity":23,"s:59:8:59:Infinity":24,"b:62:6:64:Infinity:undefined:undefined:undefined:undefined":6,"s:62:6:64:Infinity":25,"s:63:8:63:Infinity":26,"s:64:8:64:Infinity":27,"s:69:2:69:Infinity":28,"b:69:26:69:38:69:38:69:Infinity":7,"s:77:13:97:Infinity":29,"f:77:13:77:31":6,"b:78:2:78:Infinity:undefined:undefined:undefined:undefined":8,"s:78:2:78:Infinity":30,"s:78:14:78:Infinity":31,"s:79:12:79:31":32,"s:80:32:89:Infinity":33,"s:91:2:93:Infinity":34,"b:92:4:93:Infinity:undefined:undefined:undefined:undefined":9,"s:92:4:93:Infinity":35,"f:92:22:92:27":7,"s:92:32:92:45":36,"s:93:6:93:Infinity":37,"s:97:2:97:Infinity":38}}}
}
